root - ERROR - Error processing file src/data/prediction_data/eastward_near_surface_wind-ssp2_4_5_2016_2046.nc: [Errno 2] No such file or directory: 'c:\\Users\\matthias\\Documents\\Projects\\permaculture-climate\\src\\data\\prediction_data\\eastward_near_surface_wind-ssp2_4_5_2016_2046.nc'
root - ERROR - Error processing file src/data/prediction_data/northward_near_surface_wind-ssp2_4_5_2016_2046.nc: [Errno 2] No such file or directory: 'c:\\Users\\matthias\\Documents\\Projects\\permaculture-climate\\src\\data\\prediction_data\\northward_near_surface_wind-ssp2_4_5_2016_2046.nc'
root - ERROR - Error processing file src/data/prediction_data/precipitation-ssp2_4_5_2016_2046.nc: [Errno 2] No such file or directory: 'c:\\Users\\matthias\\Documents\\Projects\\permaculture-climate\\src\\data\\prediction_data\\precipitation-ssp2_4_5_2016_2046.nc'
root - ERROR - Error processing file src/data/prediction_data/near_surface_relative_humidity-ssp2_4_5_2016_2046.nc: [Errno 2] No such file or directory: 'c:\\Users\\matthias\\Documents\\Projects\\permaculture-climate\\src\\data\\prediction_data\\near_surface_relative_humidity-ssp2_4_5_2016_2046.nc'
root - ERROR - Error processing file src/data/prediction_data/near_surface_air_temperature-ssp2_4_5_2016_2046.nc: [Errno 2] No such file or directory: 'c:\\Users\\matthias\\Documents\\Projects\\permaculture-climate\\src\\data\\prediction_data\\near_surface_air_temperature-ssp2_4_5_2016_2046.nc'
root - ERROR - Error processing file src/data/prediction_data/eastward_near_surface_wind-ssp2_4_5_2016_2046.nc: [Errno 2] No such file or directory: 'c:\\Users\\matthias\\Documents\\Projects\\permaculture-climate\\src\\data\\prediction_data\\eastward_near_surface_wind-ssp2_4_5_2016_2046.nc'
root - ERROR - Error processing file src/data/prediction_data/eastward_near_surface_wind-ssp2_4_5_2016_2046.nc: [Errno 2] No such file or directory: 'c:\\Users\\matthias\\Documents\\Projects\\permaculture-climate\\src\\data\\prediction_data\\eastward_near_surface_wind-ssp2_4_5_2016_2046.nc'
root - ERROR - Error processing file src/data/prediction_data/eastward_near_surface_wind-ssp2_4_5_2016_2046.nc: [Errno 2] No such file or directory: 'c:\\Users\\matthias\\Documents\\Projects\\permaculture-climate\\src\\data\\prediction_data\\eastward_near_surface_wind-ssp2_4_5_2016_2046.nc'
root - ERROR - Error processing file src/data/prediction_data/eastward_near_surface_wind-ssp2_4_5_2016_2046.nc: [Errno 2] No such file or directory: 'c:\\Users\\matthias\\Documents\\Projects\\permaculture-climate\\src\\data\\prediction_data\\eastward_near_surface_wind-ssp2_4_5_2016_2046.nc'
root - ERROR - Error processing file src/data/prediction_data/northward_near_surface_wind-ssp2_4_5_2016_2046.nc: [Errno 2] No such file or directory: 'c:\\Users\\matthias\\Documents\\Projects\\permaculture-climate\\src\\data\\prediction_data\\northward_near_surface_wind-ssp2_4_5_2016_2046.nc'
root - ERROR - Error processing file src/data/prediction_data/precipitation-ssp2_4_5_2016_2046.nc: [Errno 2] No such file or directory: 'c:\\Users\\matthias\\Documents\\Projects\\permaculture-climate\\src\\data\\prediction_data\\precipitation-ssp2_4_5_2016_2046.nc'
root - ERROR - Error processing file src/data/prediction_data/near_surface_relative_humidity-ssp2_4_5_2016_2046.nc: [Errno 2] No such file or directory: 'c:\\Users\\matthias\\Documents\\Projects\\permaculture-climate\\src\\data\\prediction_data\\near_surface_relative_humidity-ssp2_4_5_2016_2046.nc'
root - ERROR - Error processing file src/data/prediction_data/near_surface_air_temperature-ssp2_4_5_2016_2046.nc: [Errno 2] No such file or directory: 'c:\\Users\\matthias\\Documents\\Projects\\permaculture-climate\\src\\data\\prediction_data\\near_surface_air_temperature-ssp2_4_5_2016_2046.nc'
root - ERROR - Error processing file src/data/prediction_data/eastward_near_surface_wind-ssp2_4_5_2016_2046.nc: 'value'
root - ERROR - Error processing file src/data/prediction_data/northward_near_surface_wind-ssp2_4_5_2016_2046.nc: 'value'
root - ERROR - Error processing file src/data/prediction_data/precipitation-ssp2_4_5_2016_2046.nc: 'value'
root - ERROR - Error processing file src/data/prediction_data/near_surface_relative_humidity-ssp2_4_5_2016_2046.nc: 'value'
root - ERROR - Error processing file src/data/prediction_data/near_surface_air_temperature-ssp2_4_5_2016_2046.nc: 'value'
root - ERROR - Error processing file src/data/prediction_data/eastward_near_surface_wind-ssp2_4_5_2016_2046.nc: 'value'
root - ERROR - Error processing file src/data/prediction_data/northward_near_surface_wind-ssp2_4_5_2016_2046.nc: 'value'
root - ERROR - Error processing file src/data/prediction_data/precipitation-ssp2_4_5_2016_2046.nc: 'value'
root - ERROR - Error processing file src/data/prediction_data/near_surface_relative_humidity-ssp2_4_5_2016_2046.nc: 'value'
root - ERROR - Error processing file src/data/prediction_data/near_surface_air_temperature-ssp2_4_5_2016_2046.nc: 'value'
root - ERROR - Error processing file src/data/prediction_data/eastward_near_surface_wind-ssp2_4_5_2016_2046.nc: 'value'
root - ERROR - Error processing file src/data/prediction_data/northward_near_surface_wind-ssp2_4_5_2016_2046.nc: 'value'
root - ERROR - Error processing file src/data/prediction_data/precipitation-ssp2_4_5_2016_2046.nc: 'value'
root - ERROR - Error processing file src/data/prediction_data/near_surface_relative_humidity-ssp2_4_5_2016_2046.nc: 'value'
root - ERROR - Error processing file src/data/prediction_data/near_surface_air_temperature-ssp2_4_5_2016_2046.nc: 'value'
root - ERROR - Error processing file src/data/prediction_data/eastward_near_surface_wind-ssp2_4_5_2016_2046.nc: 'value'
root - ERROR - Error processing file src/data/prediction_data/northward_near_surface_wind-ssp2_4_5_2016_2046.nc: 'value'
root - ERROR - Error processing file src/data/prediction_data/precipitation-ssp2_4_5_2016_2046.nc: 'value'
root - ERROR - Error processing file src/data/prediction_data/near_surface_relative_humidity-ssp2_4_5_2016_2046.nc: 'value'
root - ERROR - Error processing file src/data/prediction_data/near_surface_air_temperature-ssp2_4_5_2016_2046.nc: 'value'
root - ERROR - Error processing file src/data/prediction_data/eastward_near_surface_wind-ssp2_4_5_2016_2046.nc: 'value'
root - ERROR - Error processing file src/data/prediction_data/northward_near_surface_wind-ssp2_4_5_2016_2046.nc: 'value'
root - ERROR - Error processing file src/data/prediction_data/precipitation-ssp2_4_5_2016_2046.nc: "['height'] not found in axis"
root - ERROR - Error processing file src/data/prediction_data/near_surface_relative_humidity-ssp2_4_5_2016_2046.nc: 'value'
root - ERROR - Error processing file src/data/prediction_data/eastward_near_surface_wind-ssp2_4_5_2016_2046.nc: 'value'
root - ERROR - Error processing file src/data/prediction_data/northward_near_surface_wind-ssp2_4_5_2016_2046.nc: 'value'
root - ERROR - Error processing file src/data/prediction_data/precipitation-ssp2_4_5_2016_2046.nc: "['height'] not found in axis"
root - ERROR - Error processing file src/data/prediction_data/near_surface_relative_humidity-ssp2_4_5_2016_2046.nc: 'value'
root - ERROR - Error processing file src/data/prediction_data/eastward_near_surface_wind-ssp2_4_5_2016_2046.nc: 'value'
root - ERROR - Error processing file src/data/prediction_data/northward_near_surface_wind-ssp2_4_5_2016_2046.nc: 'value'
root - ERROR - Error processing file src/data/prediction_data/precipitation-ssp2_4_5_2016_2046.nc: "['height'] not found in axis"
root - ERROR - Error processing file src/data/prediction_data/near_surface_relative_humidity-ssp2_4_5_2016_2046.nc: 'value'
root - ERROR - Error processing file src/data/prediction_data/near_surface_air_temperature-ssp2_4_5_2016_2046.nc: 'value'
root - ERROR - Error processing file src/data/prediction_data/precipitation-ssp2_4_5_2016_2046.nc: "['height'] not found in axis"
root - ERROR - Error processing file src/data/prediction_data/precipitation-ssp2_4_5_2016_2046.nc: "['height'] not found in axis"
root - ERROR - Error processing file src/data/prediction_data/precipitation-ssp2_4_5_2016_2046.nc: "['height'] not found in axis"
root - ERROR - Error processing file src/data/prediction_data/precipitation-ssp2_4_5_2016_2046.nc: "['height'] not found in axis"
root - ERROR - Error processing file src/data/prediction_data/precipitation-ssp2_4_5_2016_2046.nc: "['height'] not found in axis"
root - ERROR - Error processing file src/data/prediction_data/precipitation-ssp2_4_5_2016_2046.nc: "['height'] not found in axis"
root - ERROR - Error processing file src/data/prediction_data/precipitation-ssp2_4_5_2016_2046.nc: "['height'] not found in axis"
root - ERROR - Error processing file src/data/prediction_data/precipitation-ssp2_4_5_2016_2046.nc: "['height'] not found in axis"
root - ERROR - Error processing file src/data/prediction_data/precipitation-ssp2_4_5_2016_2046.nc: "['height'] not found in axis"
root - ERROR - Error processing file src/data/prediction_data/precipitation-ssp2_4_5_2016_2046.nc: "['height'] not found in axis"
root - ERROR - Error processing file src/data/prediction_data/precipitation-ssp2_4_5_2016_2046.nc: "['height'] not found in axis"
root - ERROR - Error processing file src/data/prediction_data/precipitation-ssp2_4_5_2016_2046.nc: "['height'] not found in axis"
root - ERROR - Error processing file src/data/prediction_data/precipitation-ssp2_4_5_2016_2046.nc: "['height'] not found in axis"
root - ERROR - Error processing file src/data/prediction_data/precipitation-ssp2_4_5_2016_2046.nc: "['height'] not found in axis"
